0 info it worked if it ends with ok
1 verbose cli [ 'C:\\Program Files\\nodejs\\node.exe',
1 verbose cli   'C:\\Users\\Anastasia\\AppData\\Roaming\\npm\\node_modules\\npm\\bin\\npm-cli.js',
1 verbose cli   'run',
1 verbose cli   'start' ]
2 info using npm@4.1.1
3 info using node@v6.9.4
4 verbose run-script [ 'prestart', 'start', 'poststart' ]
5 info lifecycle github-battle@1.0.0~prestart: github-battle@1.0.0
6 silly lifecycle github-battle@1.0.0~prestart: no script for prestart, continuing
7 info lifecycle github-battle@1.0.0~start: github-battle@1.0.0
8 verbose lifecycle github-battle@1.0.0~start: unsafe-perm in lifecycle true
9 verbose lifecycle github-battle@1.0.0~start: PATH: C:\Users\Anastasia\AppData\Roaming\npm\node_modules\npm\bin\node-gyp-bin;C:\Users\Anastasia\Documents\projects\github-battle\node_modules\.bin;C:\Users\Anastasia\Downloads\cmder_mini\bin;C:\Program Files\Git\bin;C:\Program Files\Git\usr\bin;C:\Program Files\Git\share\vim\vim74;C:\Users\Anastasia\Downloads\cmder_mini\vendor\conemu-maximus5\ConEmu\Scripts;C:\Users\Anastasia\Downloads\cmder_mini\vendor\conemu-maximus5;C:\Users\Anastasia\Downloads\cmder_mini\vendor\conemu-maximus5\ConEmu;C:\Program Files (x86)\PHP\v5.6;C:\Program Files (x86)\Google\Chrome\Application;C:\Windows\system32;C:\Windows;C:\Windows\System32\Wbem;C:\Windows\System32\WindowsPowerShell\v1.0\;C:\Program Files\Intel\WiFi\bin\;C:\Program Files\Common Files\Intel\WirelessCommon\;C:\Program Files (x86)\Brackets\command;C:\xampp\php;C:\ProgramData\ComposerSetup\bin;C:\Program Files (x86)\Skype\Phone\;C:\Program Files\Microsoft\Web Platform Installer\;C:\Program Files (x86)\Microsoft ASP.NET\ASP.NET Web Pages\v1.0\;C:\Program Files\Microsoft SQL Server\110\Tools\Binn\;C:\Program Files\Intel\WiFi\bin\;C:\Program Files\Common Files\Intel\WirelessCommon\;C:\Users\Anastasia\AppData\Local\atom\bin;C:\Users\Anastasia\AppData\Roaming\npm;C:\Program Files\nodejs\;C:\Program Files (x86)\Yarn\bin;C:\Program Files\PuTTY\;C:\Users\Anastasia\AppData\Local\Programs\Python\Python36-32\Scripts\;C:\Users\Anastasia\AppData\Local\Programs\Python\Python36-32\;C:\Program Files\Intel\WiFi\bin\;C:\Program Files\Common Files\Intel\WirelessCommon\;C:\Users\Anastasia\AppData\Local\atom\bin;C:\Users\Anastasia\AppData\Roaming\npm;C:\Users\Anastasia\AppData\Local\Yarn\.bin;C:\Users\Anastasia\Downloads\cmder_mini
10 verbose lifecycle github-battle@1.0.0~start: CWD: C:\Users\Anastasia\Documents\projects\github-battle
11 silly lifecycle github-battle@1.0.0~start: Args: [ '/d /s /c', 'webpack-dev-server --open' ]
12 silly lifecycle github-battle@1.0.0~start: Returned: code: 1  signal: null
13 info lifecycle github-battle@1.0.0~start: Failed to exec start script
14 verbose stack Error: github-battle@1.0.0 start: `webpack-dev-server --open`
14 verbose stack Exit status 1
14 verbose stack     at EventEmitter.<anonymous> (C:\Users\Anastasia\AppData\Roaming\npm\node_modules\npm\lib\utils\lifecycle.js:279:16)
14 verbose stack     at emitTwo (events.js:106:13)
14 verbose stack     at EventEmitter.emit (events.js:191:7)
14 verbose stack     at ChildProcess.<anonymous> (C:\Users\Anastasia\AppData\Roaming\npm\node_modules\npm\lib\utils\spawn.js:40:14)
14 verbose stack     at emitTwo (events.js:106:13)
14 verbose stack     at ChildProcess.emit (events.js:191:7)
14 verbose stack     at maybeClose (internal/child_process.js:877:16)
14 verbose stack     at Process.ChildProcess._handle.onexit (internal/child_process.js:226:5)
15 verbose pkgid github-battle@1.0.0
16 verbose cwd C:\Users\Anastasia\Documents\projects\github-battle
17 error Windows_NT 6.1.7601
18 error argv "C:\\Program Files\\nodejs\\node.exe" "C:\\Users\\Anastasia\\AppData\\Roaming\\npm\\node_modules\\npm\\bin\\npm-cli.js" "run" "start"
19 error node v6.9.4
20 error npm  v4.1.1
21 error code ELIFECYCLE
22 error github-battle@1.0.0 start: `webpack-dev-server --open`
22 error Exit status 1
23 error Failed at the github-battle@1.0.0 start script 'webpack-dev-server --open'.
23 error Make sure you have the latest version of node.js and npm installed.
23 error If you do, this is most likely a problem with the github-battle package,
23 error not with npm itself.
23 error Tell the author that this fails on your system:
23 error     webpack-dev-server --open
23 error You can get information on how to open an issue for this project with:
23 error     npm bugs github-battle
23 error Or if that isn't available, you can get their info via:
23 error     npm owner ls github-battle
23 error There is likely additional logging output above.
24 verbose exit [ 1, true ]
